<?xml version="1.0" encoding="UTF-8" ?>
<testsuite tests="1" failures="0" name="hu.ppke.itk.TestDataManager" time="0.818" errors="1" skipped="0">
  <properties>
[...]
</properties>
  <testcase classname="hu.ppke.itk.TestDataManager" name="test" time="0.818">
    <error message="Error creating bean with name &apos;hibernate3AnnotatedSessionFactory&apos; defined in URL [file:/Users/faragojanos/Documents/workspace/spring/payment/payment-dao/target/classes/app-context.xml]: Invocation of init method failed; nested exception is org.hibernate.AnnotationException: Cannot find the expected secondary table: no BB_PAYMENT_TYPE available for hu.ppke.itk.model.Transactions" type="org.springframework.beans.factory.BeanCreationException">org.springframework.beans.factory.BeanCreationException: Error creating bean with name &apos;hibernate3AnnotatedSessionFactory&apos; defined in URL [file:/Users/faragojanos/Documents/workspace/spring/payment/payment-dao/target/classes/app-context.xml]: Invocation of init method failed; nested exception is org.hibernate.AnnotationException: Cannot find the expected secondary table: no BB_PAYMENT_TYPE available for hu.ppke.itk.model.Transactions
	at org.springframework.beans.factory.support.AbstractAutowireCapableBeanFactory.initializeBean(AbstractAutowireCapableBeanFactory.java:1486)
	at org.springframework.beans.factory.support.AbstractAutowireCapableBeanFactory.doCreateBean(AbstractAutowireCapableBeanFactory.java:524)
	at org.springframework.beans.factory.support.AbstractAutowireCapableBeanFactory.createBean(AbstractAutowireCapableBeanFactory.java:461)
	at org.springframework.beans.factory.support.AbstractBeanFactory$1.getObject(AbstractBeanFactory.java:295)
	at org.springframework.beans.factory.support.DefaultSingletonBeanRegistry.getSingleton(DefaultSingletonBeanRegistry.java:223)
	at org.springframework.beans.factory.support.AbstractBeanFactory.doGetBean(AbstractBeanFactory.java:292)
	at org.springframework.beans.factory.support.AbstractBeanFactory.getBean(AbstractBeanFactory.java:194)
	at org.springframework.beans.factory.support.DefaultListableBeanFactory.preInstantiateSingletons(DefaultListableBeanFactory.java:589)
	at org.springframework.context.support.AbstractApplicationContext.finishBeanFactoryInitialization(AbstractApplicationContext.java:932)
	at org.springframework.context.support.AbstractApplicationContext.refresh(AbstractApplicationContext.java:479)
	at org.springframework.context.support.ClassPathXmlApplicationContext.&lt;init&gt;(ClassPathXmlApplicationContext.java:139)
	at org.springframework.context.support.ClassPathXmlApplicationContext.&lt;init&gt;(ClassPathXmlApplicationContext.java:83)
	at hu.ppke.itk.dao.DataManager.&lt;init&gt;(DataManager.java:27)
	at hu.ppke.itk.dao.DataManager.getInstance(DataManager.java:20)
	at hu.ppke.itk.TestDataManager.test(TestDataManager.java:25)
	at sun.reflect.NativeMethodAccessorImpl.invoke0(Native Method)
	at sun.reflect.NativeMethodAccessorImpl.invoke(NativeMethodAccessorImpl.java:62)
	at sun.reflect.DelegatingMethodAccessorImpl.invoke(DelegatingMethodAccessorImpl.java:43)
	at java.lang.reflect.Method.invoke(Method.java:498)
	at org.junit.runners.model.FrameworkMethod$1.runReflectiveCall(FrameworkMethod.java:44)
	at org.junit.internal.runners.model.ReflectiveCallable.run(ReflectiveCallable.java:15)
	at org.junit.runners.model.FrameworkMethod.invokeExplosively(FrameworkMethod.java:41)
	at org.junit.internal.runners.statements.InvokeMethod.evaluate(InvokeMethod.java:20)
	at org.junit.runners.BlockJUnit4ClassRunner.runChild(BlockJUnit4ClassRunner.java:76)
	at org.junit.runners.BlockJUnit4ClassRunner.runChild(BlockJUnit4ClassRunner.java:50)
	at org.junit.runners.ParentRunner$3.run(ParentRunner.java:193)
	at org.junit.runners.ParentRunner$1.schedule(ParentRunner.java:52)
	at org.junit.runners.ParentRunner.runChildren(ParentRunner.java:191)
	at org.junit.runners.ParentRunner.access$000(ParentRunner.java:42)
	at org.junit.runners.ParentRunner$2.evaluate(ParentRunner.java:184)
	at org.junit.runners.ParentRunner.run(ParentRunner.java:236)
	at org.apache.maven.surefire.junit4.JUnit4Provider.execute(JUnit4Provider.java:252)
	at org.apache.maven.surefire.junit4.JUnit4Provider.executeTestSet(JUnit4Provider.java:141)
	at org.apache.maven.surefire.junit4.JUnit4Provider.invoke(JUnit4Provider.java:112)
	at sun.reflect.NativeMethodAccessorImpl.invoke0(Native Method)
	at sun.reflect.NativeMethodAccessorImpl.invoke(NativeMethodAccessorImpl.java:62)
	at sun.reflect.DelegatingMethodAccessorImpl.invoke(DelegatingMethodAccessorImpl.java:43)
	at java.lang.reflect.Method.invoke(Method.java:498)
	at org.apache.maven.surefire.util.ReflectionUtils.invokeMethodWithArray(ReflectionUtils.java:189)
	at org.apache.maven.surefire.booter.ProviderFactory$ProviderProxy.invoke(ProviderFactory.java:165)
	at org.apache.maven.surefire.booter.ProviderFactory.invokeProvider(ProviderFactory.java:85)
	at org.apache.maven.surefire.booter.ForkedBooter.runSuitesInProcess(ForkedBooter.java:115)
	at org.apache.maven.surefire.booter.ForkedBooter.main(ForkedBooter.java:75)
Caused by: org.hibernate.AnnotationException: Cannot find the expected secondary table: no BB_PAYMENT_TYPE available for hu.ppke.itk.model.Transactions
	at org.hibernate.cfg.Ejb3Column.getJoin(Ejb3Column.java:293)
	at org.hibernate.cfg.Ejb3Column.getTable(Ejb3Column.java:272)
	at org.hibernate.cfg.AnnotationBinder.bindManyToOne(AnnotationBinder.java:1742)
	at org.hibernate.cfg.AnnotationBinder.processElementAnnotations(AnnotationBinder.java:1251)
	at org.hibernate.cfg.AnnotationBinder.bindClass(AnnotationBinder.java:706)
	at org.hibernate.cfg.AnnotationConfiguration.processArtifactsOfType(AnnotationConfiguration.java:452)
	at org.hibernate.cfg.AnnotationConfiguration.secondPassCompile(AnnotationConfiguration.java:268)
	at org.hibernate.cfg.Configuration.buildMappings(Configuration.java:1039)
	at org.springframework.orm.hibernate3.LocalSessionFactoryBean.buildSessionFactory(LocalSessionFactoryBean.java:720)
	at org.springframework.orm.hibernate3.AbstractSessionFactoryBean.afterPropertiesSet(AbstractSessionFactoryBean.java:188)
	at org.springframework.beans.factory.support.AbstractAutowireCapableBeanFactory.invokeInitMethods(AbstractAutowireCapableBeanFactory.java:1545)
	at org.springframework.beans.factory.support.AbstractAutowireCapableBeanFactory.initializeBean(AbstractAutowireCapableBeanFactory.java:1483)
	... 42 more
</error>
    <system-out>2017-12-19 17:55:35,692 INFO [org.springframework.context.support.ClassPathXmlApplicationContext] - &lt;Refreshing org.springframework.context.support.ClassPathXmlApplicationContext@35bbe5e8: startup date [Tue Dec 19 17:55:35 CET 2017]; root of context hierarchy&gt;
2017-12-19 17:55:35,750 INFO [org.springframework.beans.factory.xml.XmlBeanDefinitionReader] - &lt;Loading XML bean definitions from URL [file:/Users/faragojanos/Documents/workspace/spring/payment/payment-dao/target/classes/app-context.xml]&gt;
2017-12-19 17:55:35,934 INFO [org.springframework.beans.factory.support.DefaultListableBeanFactory] - &lt;Pre-instantiating singletons in org.springframework.beans.factory.support.DefaultListableBeanFactory@10bbd20a: defining beans [dataSource,hibernate3AnnotatedSessionFactory,paymentTypeDao,partnersDao,transactionDao]; root of factory hierarchy&gt;
2017-12-19 17:55:36,000 INFO [org.springframework.jdbc.datasource.DriverManagerDataSource] - &lt;Loaded JDBC driver: com.mysql.jdbc.Driver&gt;
2017-12-19 17:55:36,054 INFO [org.hibernate.cfg.annotations.Version] - &lt;Hibernate Annotations 3.2.0.GA&gt;
2017-12-19 17:55:36,061 INFO [org.hibernate.cfg.Environment] - &lt;Hibernate 3.2.0&gt;
2017-12-19 17:55:36,066 INFO [org.hibernate.cfg.Environment] - &lt;hibernate.properties not found&gt;
2017-12-19 17:55:36,068 INFO [org.hibernate.cfg.Environment] - &lt;Bytecode provider name : cglib&gt;
2017-12-19 17:55:36,072 INFO [org.hibernate.cfg.Environment] - &lt;using JDK 1.4 java.sql.Timestamp handling&gt;
2017-12-19 17:55:36,231 INFO [org.hibernate.cfg.AnnotationBinder] - &lt;Binding entity from annotated class: hu.ppke.itk.model.Partners&gt;
2017-12-19 17:55:36,236 INFO [org.hibernate.cfg.annotations.QueryBinder] - &lt;Binding named query: findAllPartners =&gt; FROM Partners pt&gt;
2017-12-19 17:55:36,236 INFO [org.hibernate.cfg.annotations.QueryBinder] - &lt;Binding named query: findPartnerById =&gt; FROM Partners pt WHERE pt.id = :id&gt;
2017-12-19 17:55:36,254 INFO [org.hibernate.cfg.annotations.EntityBinder] - &lt;Bind entity hu.ppke.itk.model.Partners on table BB_PARTNERS&gt;
2017-12-19 17:55:36,277 INFO [org.hibernate.cfg.AnnotationBinder] - &lt;Binding entity from annotated class: hu.ppke.itk.model.PaymentType&gt;
2017-12-19 17:55:36,278 INFO [org.hibernate.cfg.annotations.QueryBinder] - &lt;Binding named query: findAllPaymentTypes =&gt; FROM PaymentType pt&gt;
2017-12-19 17:55:36,278 INFO [org.hibernate.cfg.annotations.QueryBinder] - &lt;Binding named query: findPaymentTypeById =&gt; FROM PaymentType pt WHERE pt.id = :id&gt;
2017-12-19 17:55:36,278 INFO [org.hibernate.cfg.annotations.EntityBinder] - &lt;Bind entity hu.ppke.itk.model.PaymentType on table BB_PAYMENT_TYPE&gt;
2017-12-19 17:55:36,280 INFO [org.hibernate.cfg.AnnotationBinder] - &lt;Binding entity from annotated class: hu.ppke.itk.model.Transactions&gt;
2017-12-19 17:55:36,280 INFO [org.hibernate.cfg.annotations.QueryBinder] - &lt;Binding named query: findAllTransactions =&gt; FROM Transactions pt&gt;
2017-12-19 17:55:36,280 INFO [org.hibernate.cfg.annotations.QueryBinder] - &lt;Binding named query: findTransactionById =&gt; FROM Transactions pt WHERE pt.id = :id&gt;
2017-12-19 17:55:36,280 INFO [org.hibernate.cfg.annotations.QueryBinder] - &lt;Binding named query: findTransactionByDate =&gt; FROM Transactions pt WHERE pt.transferDate = :transferDate&gt;
2017-12-19 17:55:36,281 INFO [org.hibernate.cfg.annotations.QueryBinder] - &lt;Binding named query: findTransactionByType =&gt; FROM Transactions pt WHERE pt.paymentType = :paymentType&gt;
2017-12-19 17:55:36,281 INFO [org.hibernate.cfg.annotations.EntityBinder] - &lt;Bind entity hu.ppke.itk.model.Transactions on table BB_TRANSACTIONS&gt;
2017-12-19 17:55:36,293 INFO [org.springframework.beans.factory.support.DefaultListableBeanFactory] - &lt;Destroying singletons in org.springframework.beans.factory.support.DefaultListableBeanFactory@10bbd20a: defining beans [dataSource,hibernate3AnnotatedSessionFactory,paymentTypeDao,partnersDao,transactionDao]; root of factory hierarchy&gt;
</system-out>
  </testcase>
</testsuite>